<?xml version="1.0" encoding="UTF-8"?>
<testsuite name="by.matrosov.appl.Project3Test" tests="1" skipped="0" failures="0" errors="0" timestamp="2019-04-11T08:34:39" hostname="Lenovo-PC" time="0.006">
  <properties/>
  <testcase name="getMessage" classname="by.matrosov.appl.Project3Test" time="0.006"/>
  <system-out><![CDATA[]]></system-out>
  <system-err><![CDATA[]]></system-err>
</testsuite>
